<?xml version="1.0" encoding="UTF-8"?>
<!-- Generated by org.testng.reporters.JUnitReportReporter -->
<testsuite skipped="0" hostname="LAPTOP-0NV2K68R" name="AmazonPackage.EcommercePage" tests="1" failures="0" timestamp="2020-08-27T11:56:25 IST" time="110.302" errors="0">
  <testcase name="Login" time="110.302" classname="AmazonPackage.EcommercePage"/>
  <system-out/>
</testsuite> <!-- AmazonPackage.EcommercePage -->
