<?xml version="1.0" encoding="UTF-8"?>
<!-- Generated by org.testng.reporters.JUnitReportReporter -->
<testsuite skipped="0" hostname="LAPTOP-0NV2K68R" name="AmazonPackage.EcommercePage" tests="1" failures="0" timestamp="2020-08-27T18:06:25 IST" time="145.913" errors="1">
  <testcase name="Login" time="145.913" classname="AmazonPackage.EcommercePage">
    <error type="org.openqa.selenium.NoSuchElementException" message="An element could not be located on the page using the given search parameters.
For documentation on this error, please visit: https://www.seleniumhq.org/exceptions/no_such_element.html
Build info: version: &#039;3.141.59&#039;, revision: &#039;e82be7d358&#039;, time: &#039;2018-11-14T08:25:53&#039;
System info: host: &#039;LAPTOP-0NV2K68R&#039;, ip: &#039;192.168.155.2&#039;, os.name: &#039;Windows 10&#039;, os.arch: &#039;amd64&#039;, os.version: &#039;10.0&#039;, java.version: &#039;1.8.0_231&#039;
Driver info: io.appium.java_client.android.AndroidDriver
Capabilities {app: C:\Users\ce\eclipse-workspa..., appActivity: com.amazon.mShop.home.HomeA..., appPackage: com.amazon.mShop.android.sh..., autoAcceptAlerts: true, automationName: UiAutomator2, databaseEnabled: false, desired: {app: C:\Users\ce\eclipse-workspa..., appActivity: com.amazon.mShop.home.HomeA..., appPackage: com.amazon.mShop.android.sh..., autoAcceptAlerts: true, automationName: UiAutomator2, deviceName: Pixel2, newCommandTimeout: 100, platformName: android, resetKeyboard: true, unicodeKeyboard: true}, deviceApiLevel: 29, deviceManufacturer: samsung, deviceModel: SM-A105F, deviceName: RZ8M31MWT9A, deviceScreenDensity: 280, deviceScreenSize: 720x1520, deviceUDID: RZ8M31MWT9A, javascriptEnabled: true, locationContextEnabled: false, networkConnectionEnabled: true, newCommandTimeout: 100, pixelRatio: 1.75, platform: LINUX, platformName: Android, platformVersion: 10, resetKeyboard: true, statBarHeight: 54, takesScreenshot: true, unicodeKeyboard: true, viewportRect: {height: 1328, left: 0, top: 54, width: 720}, warnings: {}, webStorageEnabled: false}
Session ID: 10590813-3876-4edf-b65c-cc7dfe2282f9
*** Element info: {Using=-android uiautomator, value=new UiScrollable(new UiSelector()).scrollIntoView(text(&quot;Philips 164 cm (65 inches) 6700 Series 4K Ambilight LED Smart TV 65PUT6703S/94 (Dark Sliver)&quot;));}">
      <![CDATA[org.openqa.selenium.NoSuchElementException: An element could not be located on the page using the given search parameters.
For documentation on this error, please visit: https://www.seleniumhq.org/exceptions/no_such_element.html
Build info: version: '3.141.59', revision: 'e82be7d358', time: '2018-11-14T08:25:53'
System info: host: 'LAPTOP-0NV2K68R', ip: '192.168.155.2', os.name: 'Windows 10', os.arch: 'amd64', os.version: '10.0', java.version: '1.8.0_231'
Driver info: io.appium.java_client.android.AndroidDriver
Capabilities {app: C:\Users\ce\eclipse-workspa..., appActivity: com.amazon.mShop.home.HomeA..., appPackage: com.amazon.mShop.android.sh..., autoAcceptAlerts: true, automationName: UiAutomator2, databaseEnabled: false, desired: {app: C:\Users\ce\eclipse-workspa..., appActivity: com.amazon.mShop.home.HomeA..., appPackage: com.amazon.mShop.android.sh..., autoAcceptAlerts: true, automationName: UiAutomator2, deviceName: Pixel2, newCommandTimeout: 100, platformName: android, resetKeyboard: true, unicodeKeyboard: true}, deviceApiLevel: 29, deviceManufacturer: samsung, deviceModel: SM-A105F, deviceName: RZ8M31MWT9A, deviceScreenDensity: 280, deviceScreenSize: 720x1520, deviceUDID: RZ8M31MWT9A, javascriptEnabled: true, locationContextEnabled: false, networkConnectionEnabled: true, newCommandTimeout: 100, pixelRatio: 1.75, platform: LINUX, platformName: Android, platformVersion: 10, resetKeyboard: true, statBarHeight: 54, takesScreenshot: true, unicodeKeyboard: true, viewportRect: {height: 1328, left: 0, top: 54, width: 720}, warnings: {}, webStorageEnabled: false}
Session ID: 10590813-3876-4edf-b65c-cc7dfe2282f9
*** Element info: {Using=-android uiautomator, value=new UiScrollable(new UiSelector()).scrollIntoView(text("Philips 164 cm (65 inches) 6700 Series 4K Ambilight LED Smart TV 65PUT6703S/94 (Dark Sliver)"));}
at sun.reflect.NativeConstructorAccessorImpl.newInstance0(Native Method)
at sun.reflect.NativeConstructorAccessorImpl.newInstance(NativeConstructorAccessorImpl.java:62)
at sun.reflect.DelegatingConstructorAccessorImpl.newInstance(DelegatingConstructorAccessorImpl.java:45)
at java.lang.reflect.Constructor.newInstance(Constructor.java:423)
at org.openqa.selenium.remote.http.W3CHttpResponseCodec.createException(W3CHttpResponseCodec.java:187)
at org.openqa.selenium.remote.http.W3CHttpResponseCodec.decode(W3CHttpResponseCodec.java:122)
at org.openqa.selenium.remote.http.W3CHttpResponseCodec.decode(W3CHttpResponseCodec.java:49)
at org.openqa.selenium.remote.HttpCommandExecutor.execute(HttpCommandExecutor.java:158)
at io.appium.java_client.remote.AppiumCommandExecutor.execute(AppiumCommandExecutor.java:239)
at org.openqa.selenium.remote.RemoteWebDriver.execute(RemoteWebDriver.java:552)
at io.appium.java_client.DefaultGenericMobileDriver.execute(DefaultGenericMobileDriver.java:41)
at io.appium.java_client.AppiumDriver.execute(AppiumDriver.java:1)
at io.appium.java_client.android.AndroidDriver.execute(AndroidDriver.java:1)
at org.openqa.selenium.remote.RemoteWebDriver.findElement(RemoteWebDriver.java:323)
at io.appium.java_client.DefaultGenericMobileDriver.findElement(DefaultGenericMobileDriver.java:61)
at io.appium.java_client.AppiumDriver.findElement(AppiumDriver.java:1)
at io.appium.java_client.android.AndroidDriver.findElement(AndroidDriver.java:1)
at io.appium.java_client.FindsByAndroidUIAutomator.findElementByAndroidUIAutomator(FindsByAndroidUIAutomator.java:38)
at AmazonPackage.EcommercePage.Login(EcommercePage.java:94)
at sun.reflect.NativeMethodAccessorImpl.invoke0(Native Method)
at sun.reflect.NativeMethodAccessorImpl.invoke(NativeMethodAccessorImpl.java:62)
at sun.reflect.DelegatingMethodAccessorImpl.invoke(DelegatingMethodAccessorImpl.java:43)
at java.lang.reflect.Method.invoke(Method.java:498)
at org.testng.internal.MethodInvocationHelper.invokeMethod(MethodInvocationHelper.java:132)
at org.testng.internal.TestInvoker.invokeMethod(TestInvoker.java:599)
at org.testng.internal.TestInvoker.invokeTestMethod(TestInvoker.java:174)
at org.testng.internal.MethodRunner.runInSequence(MethodRunner.java:46)
at org.testng.internal.TestInvoker$MethodInvocationAgent.invoke(TestInvoker.java:822)
at org.testng.internal.TestInvoker.invokeTestMethods(TestInvoker.java:147)
at org.testng.internal.TestMethodWorker.invokeTestMethods(TestMethodWorker.java:146)
at org.testng.internal.TestMethodWorker.run(TestMethodWorker.java:128)
at java.util.ArrayList.forEach(ArrayList.java:1257)
at org.testng.TestRunner.privateRun(TestRunner.java:764)
at org.testng.TestRunner.run(TestRunner.java:585)
at org.testng.SuiteRunner.runTest(SuiteRunner.java:384)
at org.testng.SuiteRunner.runSequentially(SuiteRunner.java:378)
at org.testng.SuiteRunner.privateRun(SuiteRunner.java:337)
at org.testng.SuiteRunner.run(SuiteRunner.java:286)
at org.testng.SuiteRunnerWorker.runSuite(SuiteRunnerWorker.java:53)
at org.testng.SuiteRunnerWorker.run(SuiteRunnerWorker.java:96)
at org.testng.TestNG.runSuitesSequentially(TestNG.java:1218)
at org.testng.TestNG.runSuitesLocally(TestNG.java:1140)
at org.testng.TestNG.runSuites(TestNG.java:1069)
at org.testng.TestNG.run(TestNG.java:1037)
at org.testng.remote.AbstractRemoteTestNG.run(AbstractRemoteTestNG.java:115)
at org.testng.remote.RemoteTestNG.initAndRun(RemoteTestNG.java:251)
at org.testng.remote.RemoteTestNG.main(RemoteTestNG.java:77)
]]>
    </error>
  </testcase> <!-- Login -->
  <system-out/>
</testsuite> <!-- AmazonPackage.EcommercePage -->
